<?xml version="1.0" encoding="UTF-8"?>
<testng-results ignored="0" total="1" passed="1" failed="0" skipped="0">
  <reporter-output>
  </reporter-output>
  <suite started-at="2024-01-09T19:42:00 IST" name="Default suite" finished-at="2024-01-09T19:42:05 IST" duration-ms="4853">
    <groups>
    </groups>
    <test started-at="2024-01-09T19:42:00 IST" name="Default test" finished-at="2024-01-09T19:42:05 IST" duration-ms="4853">
      <class name="task.DragandDrop">
        <test-method signature="draganddrop()[pri:0, instance:task.DragandDrop@1189dd52]" started-at="2024-01-09T19:42:00 IST" name="draganddrop" finished-at="2024-01-09T19:42:05 IST" duration-ms="4792" status="PASS">
          <reporter-output>
          </reporter-output>
        </test-method> <!-- draganddrop -->
      </class> <!-- task.DragandDrop -->
    </test> <!-- Default test -->
  </suite> <!-- Default suite -->
</testng-results>
