<?xml version="1.0" encoding="UTF-8"?>
<testng-results ignored="0" total="1" passed="1" failed="0" skipped="0">
  <reporter-output>
  </reporter-output>
  <suite started-at="2024-01-11T09:35:01 IST" name="Default suite" finished-at="2024-01-11T09:35:08 IST" duration-ms="7229">
    <groups>
    </groups>
    <test started-at="2024-01-11T09:35:01 IST" name="Default test" finished-at="2024-01-11T09:35:08 IST" duration-ms="7229">
      <class name="task.NewTest">
        <test-method signature="f()[pri:0, instance:task.NewTest@3a93b025]" started-at="2024-01-11T09:35:01 IST" name="f" finished-at="2024-01-11T09:35:08 IST" duration-ms="7192" status="PASS">
          <reporter-output>
          </reporter-output>
        </test-method> <!-- f -->
      </class> <!-- task.NewTest -->
    </test> <!-- Default test -->
  </suite> <!-- Default suite -->
</testng-results>
